<?xml version="1.0" encoding="UTF-8"?>
<!-- Generated by org.testng.reporters.JUnitXMLReporter -->
<testsuite ignored="0" hostname="DESKTOP-T4AH2G5" failures="0" tests="5" name="Default test" time="154.404" errors="0" timestamp="2023-11-21T15:27:45 IST">
  <testcase classname="Test.Goibibo" name="a_regular" time="16.745"/>
  <testcase classname="Test.Goibibo" name="b_ArmedForces" time="16.956"/>
  <testcase classname="Test.Goibibo" name="c_seniorCitizen" time="0.365"/>
  <testcase classname="Test.Goibibo" name="d_student" time="0.377"/>
  <testcase classname="Test.Goibibo" name="e_doctors" time="0.376"/>
</testsuite> <!-- Default test -->
