<?xml version="1.0" encoding="UTF-8"?>
<testng-results ignored="0" total="5" passed="5" failed="0" skipped="0">
  <reporter-output>
  </reporter-output>
  <suite started-at="2023-11-21T15:25:11 IST" name="Default suite" finished-at="2023-11-21T15:27:45 IST" duration-ms="154404">
    <groups>
    </groups>
    <test started-at="2023-11-21T15:25:11 IST" name="Default test" finished-at="2023-11-21T15:27:45 IST" duration-ms="154404">
      <class name="Test.Goibibo">
        <test-method is-config="true" signature="browser_Common()[pri:0, instance:Test.Goibibo@4d1bf319]" started-at="2023-11-21T15:25:11 IST" name="browser_Common" finished-at="2023-11-21T15:25:34 IST" duration-ms="22496" status="PASS">
          <reporter-output>
          </reporter-output>
        </test-method> <!-- browser_Common -->
        <test-method signature="a_regular()[pri:0, instance:Test.Goibibo@4d1bf319]" started-at="2023-11-21T15:25:34 IST" name="a_regular" finished-at="2023-11-21T15:25:50 IST" duration-ms="16745" status="PASS">
          <reporter-output>
          </reporter-output>
        </test-method> <!-- a_regular -->
        <test-method is-config="true" signature="browser_close()[pri:0, instance:Test.Goibibo@4d1bf319]" started-at="2023-11-21T15:25:50 IST" name="browser_close" finished-at="2023-11-21T15:25:55 IST" duration-ms="4435" status="PASS">
          <reporter-output>
          </reporter-output>
        </test-method> <!-- browser_close -->
        <test-method is-config="true" signature="browser_Common()[pri:0, instance:Test.Goibibo@4d1bf319]" started-at="2023-11-21T15:25:55 IST" name="browser_Common" finished-at="2023-11-21T15:26:14 IST" duration-ms="19678" status="PASS">
          <reporter-output>
          </reporter-output>
        </test-method> <!-- browser_Common -->
        <test-method signature="b_ArmedForces()[pri:0, instance:Test.Goibibo@4d1bf319]" started-at="2023-11-21T15:26:14 IST" name="b_ArmedForces" finished-at="2023-11-21T15:26:31 IST" duration-ms="16956" status="PASS">
          <reporter-output>
          </reporter-output>
        </test-method> <!-- b_ArmedForces -->
        <test-method is-config="true" signature="browser_close()[pri:0, instance:Test.Goibibo@4d1bf319]" started-at="2023-11-21T15:26:31 IST" name="browser_close" finished-at="2023-11-21T15:26:36 IST" duration-ms="4364" status="PASS">
          <reporter-output>
          </reporter-output>
        </test-method> <!-- browser_close -->
        <test-method is-config="true" signature="browser_Common()[pri:0, instance:Test.Goibibo@4d1bf319]" started-at="2023-11-21T15:26:36 IST" name="browser_Common" finished-at="2023-11-21T15:26:56 IST" duration-ms="20353" status="PASS">
          <reporter-output>
          </reporter-output>
        </test-method> <!-- browser_Common -->
        <test-method signature="c_seniorCitizen()[pri:0, instance:Test.Goibibo@4d1bf319]" started-at="2023-11-21T15:26:56 IST" name="c_seniorCitizen" finished-at="2023-11-21T15:26:57 IST" duration-ms="365" status="PASS">
          <reporter-output>
          </reporter-output>
        </test-method> <!-- c_seniorCitizen -->
        <test-method is-config="true" signature="browser_close()[pri:0, instance:Test.Goibibo@4d1bf319]" started-at="2023-11-21T15:26:57 IST" name="browser_close" finished-at="2023-11-21T15:27:01 IST" duration-ms="4338" status="PASS">
          <reporter-output>
          </reporter-output>
        </test-method> <!-- browser_close -->
        <test-method is-config="true" signature="browser_Common()[pri:0, instance:Test.Goibibo@4d1bf319]" started-at="2023-11-21T15:27:01 IST" name="browser_Common" finished-at="2023-11-21T15:27:21 IST" duration-ms="20165" status="PASS">
          <reporter-output>
          </reporter-output>
        </test-method> <!-- browser_Common -->
        <test-method signature="d_student()[pri:0, instance:Test.Goibibo@4d1bf319]" started-at="2023-11-21T15:27:21 IST" name="d_student" finished-at="2023-11-21T15:27:21 IST" duration-ms="377" status="PASS">
          <reporter-output>
          </reporter-output>
        </test-method> <!-- d_student -->
        <test-method is-config="true" signature="browser_close()[pri:0, instance:Test.Goibibo@4d1bf319]" started-at="2023-11-21T15:27:21 IST" name="browser_close" finished-at="2023-11-21T15:27:26 IST" duration-ms="4324" status="PASS">
          <reporter-output>
          </reporter-output>
        </test-method> <!-- browser_close -->
        <test-method is-config="true" signature="browser_Common()[pri:0, instance:Test.Goibibo@4d1bf319]" started-at="2023-11-21T15:27:26 IST" name="browser_Common" finished-at="2023-11-21T15:27:41 IST" duration-ms="14945" status="PASS">
          <reporter-output>
          </reporter-output>
        </test-method> <!-- browser_Common -->
        <test-method signature="e_doctors()[pri:0, instance:Test.Goibibo@4d1bf319]" started-at="2023-11-21T15:27:41 IST" name="e_doctors" finished-at="2023-11-21T15:27:41 IST" duration-ms="376" status="PASS">
          <reporter-output>
          </reporter-output>
        </test-method> <!-- e_doctors -->
        <test-method is-config="true" signature="browser_close()[pri:0, instance:Test.Goibibo@4d1bf319]" started-at="2023-11-21T15:27:41 IST" name="browser_close" finished-at="2023-11-21T15:27:45 IST" duration-ms="4356" status="PASS">
          <reporter-output>
          </reporter-output>
        </test-method> <!-- browser_close -->
      </class> <!-- Test.Goibibo -->
    </test> <!-- Default test -->
  </suite> <!-- Default suite -->
</testng-results>
